  Bai_tap_lon.cpp
D:\Bai_tap_lon\Bai_tap_lon\Button.h(37,24): warning C4244: '=': conversion from 'T' to 'int', possible loss of data
          with
          [
              T=float
          ]
D:\Bai_tap_lon\Bai_tap_lon\Button.h(38,25): warning C4244: '=': conversion from 'T' to 'int', possible loss of data
          with
          [
              T=float
          ]
D:\Bai_tap_lon\Bai_tap_lon\Button.h(50,24): warning C4244: '=': conversion from 'T' to 'int', possible loss of data
          with
          [
              T=float
          ]
D:\Bai_tap_lon\Bai_tap_lon\Button.h(51,25): warning C4244: '=': conversion from 'T' to 'int', possible loss of data
          with
          [
              T=float
          ]
D:\Bai_tap_lon\Bai_tap_lon\Button.h(62,21): warning C4244: '=': conversion from 'T' to 'int', possible loss of data
          with
          [
              T=float
          ]
D:\Bai_tap_lon\Bai_tap_lon\Button.h(63,22): warning C4244: '=': conversion from 'T' to 'int', possible loss of data
          with
          [
              T=float
          ]
D:\Bai_tap_lon\Bai_tap_lon\Button.h(87,14): warning C4244: 'initializing': conversion from 'double' to 'float', possible loss of data
D:\Bai_tap_lon\Bai_tap_lon\Button.h(101,15): warning C4244: 'initializing': conversion from 'const T' to 'int', possible loss of data
          with
          [
              T=float
          ]
D:\Bai_tap_lon\Bai_tap_lon\Button.h(102,15): warning C4244: 'initializing': conversion from 'const T' to 'int', possible loss of data
          with
          [
              T=float
          ]
D:\Bai_tap_lon\Bai_tap_lon\Button.h(104,20): warning C4244: 'initializing': conversion from 'T' to 'int', possible loss of data
          with
          [
              T=float
          ]
D:\Bai_tap_lon\Bai_tap_lon\Button.h(105,21): warning C4244: 'initializing': conversion from 'T' to 'int', possible loss of data
          with
          [
              T=float
          ]
D:\Bai_tap_lon\Bai_tap_lon\Text.h(84,22): warning C4018: '<': signed/unsigned mismatch
D:\Bai_tap_lon\Bai_tap_lon\Text.h(108,30): warning C4018: '<=': signed/unsigned mismatch
D:\Bai_tap_lon\Bai_tap_lon\Text.h(112,35): warning C4018: '>': signed/unsigned mismatch
D:\Bai_tap_lon\Bai_tap_lon\Text.h(135,21): warning C4018: '<': signed/unsigned mismatch
D:\Bai_tap_lon\Bai_tap_lon\Bai_tap_lon.cpp(1049,85): warning C4244: '+=': conversion from 'double' to 'int', possible loss of data
D:\Bai_tap_lon\Bai_tap_lon\Bai_tap_lon.cpp(1234,89): warning C4244: '+=': conversion from 'double' to 'int', possible loss of data
  Bai_tap_lon.vcxproj -> D:\Bai_tap_lon\Debug\Bai_tap_lon.exe
